<?xml version="1.0" encoding="UTF-8"?>
<!-- Generated by org.testng.reporters.JUnitReportReporter -->
<testsuite skipped="0" hostname="MSI" name="scenario.Test01" tests="1" failures="0" timestamp="2023-07-30T10:50:56 IST" time="2.051" errors="0">
  <testcase name="testcase01" time="2.051" classname="scenario.Test01"/>
  <system-out/>
</testsuite> <!-- scenario.Test01 -->
